  main.cpp
C:\Users\kuntz\OneDrive - Stonehill College\Documents\quant_repositories\C++_codes\Cplusplus_codes\InterstCalculator\main.cpp(20,21): warning C4244: 'initializing': conversion from 'double' to 'float', possible loss of data
C:\Users\kuntz\OneDrive - Stonehill College\Documents\quant_repositories\C++_codes\Cplusplus_codes\InterstCalculator\main.cpp(22,28): warning C4244: 'initializing': conversion from 'double' to 'float', possible loss of data
C:\Users\kuntz\OneDrive - Stonehill College\Documents\quant_repositories\C++_codes\Cplusplus_codes\InterstCalculator\main.cpp(35,32): warning C4244: 'initializing': conversion from 'double' to 'float', possible loss of data
C:\Users\kuntz\OneDrive - Stonehill College\Documents\quant_repositories\C++_codes\Cplusplus_codes\InterstCalculator\main.cpp(36,33): warning C4244: 'initializing': conversion from 'double' to 'float', possible loss of data
C:\Users\kuntz\OneDrive - Stonehill College\Documents\quant_repositories\C++_codes\Cplusplus_codes\InterstCalculator\main.cpp(37,22): warning C4244: 'initializing': conversion from 'double' to 'float', possible loss of data
C:\Users\kuntz\OneDrive - Stonehill College\Documents\quant_repositories\C++_codes\Cplusplus_codes\InterstCalculator\main.cpp(49,16): warning C4244: 'return': conversion from 'double' to 'float', possible loss of data
C:\Users\kuntz\OneDrive - Stonehill College\Documents\quant_repositories\C++_codes\Cplusplus_codes\InterstCalculator\main.cpp(71,1): warning C4305: 'argument': truncation from 'double' to 'float'
C:\Users\kuntz\OneDrive - Stonehill College\Documents\quant_repositories\C++_codes\Cplusplus_codes\InterstCalculator\main.cpp(72,1): warning C4305: 'argument': truncation from 'double' to 'float'
C:\Users\kuntz\OneDrive - Stonehill College\Documents\quant_repositories\C++_codes\Cplusplus_codes\InterstCalculator\main.cpp(73,1): warning C4305: 'argument': truncation from 'double' to 'float'
C:\Users\kuntz\OneDrive - Stonehill College\Documents\quant_repositories\C++_codes\Cplusplus_codes\InterstCalculator\main.cpp(75,16): warning C4244: 'return': conversion from 'double' to 'float', possible loss of data
C:\Users\kuntz\OneDrive - Stonehill College\Documents\quant_repositories\C++_codes\Cplusplus_codes\InterstCalculator\main.cpp(79,56): warning C4244: 'argument': conversion from 'double' to 'float', possible loss of data
C:\Users\kuntz\OneDrive - Stonehill College\Documents\quant_repositories\C++_codes\Cplusplus_codes\InterstCalculator\main.cpp(81,56): warning C4244: 'argument': conversion from 'double' to 'float', possible loss of data
C:\Users\kuntz\OneDrive - Stonehill College\Documents\quant_repositories\C++_codes\Cplusplus_codes\InterstCalculator\main.cpp(83,58): warning C4244: 'argument': conversion from 'double' to 'float', possible loss of data
C:\Users\kuntz\OneDrive - Stonehill College\Documents\quant_repositories\C++_codes\Cplusplus_codes\InterstCalculator\main.cpp(87,16): warning C4244: 'return': conversion from 'double' to 'float', possible loss of data
C:\Users\kuntz\OneDrive - Stonehill College\Documents\quant_repositories\C++_codes\Cplusplus_codes\InterstCalculator\main.cpp(102,49): warning C4244: 'return': conversion from 'double' to 'float', possible loss of data
C:\Users\kuntz\OneDrive - Stonehill College\Documents\quant_repositories\C++_codes\Cplusplus_codes\InterstCalculator\main.cpp(106,31): warning C4244: 'initializing': conversion from 'double' to 'float', possible loss of data
C:\Users\kuntz\OneDrive - Stonehill College\Documents\quant_repositories\C++_codes\Cplusplus_codes\InterstCalculator\main.cpp(107,32): warning C4244: 'initializing': conversion from 'double' to 'float', possible loss of data
C:\Users\kuntz\OneDrive - Stonehill College\Documents\quant_repositories\C++_codes\Cplusplus_codes\InterstCalculator\main.cpp(108,21): warning C4244: 'initializing': conversion from 'double' to 'float', possible loss of data
C:\Users\kuntz\OneDrive - Stonehill College\Documents\quant_repositories\C++_codes\Cplusplus_codes\InterstCalculator\main.cpp(110,49): warning C4244: 'return': conversion from 'double' to 'float', possible loss of data
C:\Users\kuntz\OneDrive - Stonehill College\Documents\quant_repositories\C++_codes\Cplusplus_codes\InterstCalculator\main.cpp(114,1): warning C4305: 'argument': truncation from 'double' to 'float'
C:\Users\kuntz\OneDrive - Stonehill College\Documents\quant_repositories\C++_codes\Cplusplus_codes\InterstCalculator\main.cpp(115,1): warning C4305: 'argument': truncation from 'double' to 'float'
C:\Users\kuntz\OneDrive - Stonehill College\Documents\quant_repositories\C++_codes\Cplusplus_codes\InterstCalculator\main.cpp(116,1): warning C4305: 'argument': truncation from 'double' to 'float'
C:\Users\kuntz\OneDrive - Stonehill College\Documents\quant_repositories\C++_codes\Cplusplus_codes\InterstCalculator\main.cpp(117,1): warning C4305: 'argument': truncation from 'double' to 'float'
C:\Users\kuntz\OneDrive - Stonehill College\Documents\quant_repositories\C++_codes\Cplusplus_codes\InterstCalculator\main.cpp(118,1): warning C4305: 'argument': truncation from 'double' to 'float'
C:\Users\kuntz\OneDrive - Stonehill College\Documents\quant_repositories\C++_codes\Cplusplus_codes\InterstCalculator\main.cpp(119,1): warning C4305: 'argument': truncation from 'double' to 'float'
C:\Users\kuntz\OneDrive - Stonehill College\Documents\quant_repositories\C++_codes\Cplusplus_codes\InterstCalculator\main.cpp(121,52): warning C4244: 'return': conversion from 'double' to 'float', possible loss of data
C:\Users\kuntz\OneDrive - Stonehill College\Documents\quant_repositories\C++_codes\Cplusplus_codes\InterstCalculator\main.cpp(163,70): warning C4244: 'argument': conversion from 'double' to 'float', possible loss of data
C:\Users\kuntz\OneDrive - Stonehill College\Documents\quant_repositories\C++_codes\Cplusplus_codes\InterstCalculator\main.cpp(163,34): warning C4244: 'initializing': conversion from 'double' to 'float', possible loss of data
C:\Users\kuntz\OneDrive - Stonehill College\Documents\quant_repositories\C++_codes\Cplusplus_codes\InterstCalculator\main.cpp(164,71): warning C4244: 'argument': conversion from 'double' to 'float', possible loss of data
C:\Users\kuntz\OneDrive - Stonehill College\Documents\quant_repositories\C++_codes\Cplusplus_codes\InterstCalculator\main.cpp(164,35): warning C4244: 'initializing': conversion from 'double' to 'float', possible loss of data
C:\Users\kuntz\OneDrive - Stonehill College\Documents\quant_repositories\C++_codes\Cplusplus_codes\InterstCalculator\main.cpp(165,24): warning C4244: 'initializing': conversion from 'double' to 'float', possible loss of data
C:\Users\kuntz\OneDrive - Stonehill College\Documents\quant_repositories\C++_codes\Cplusplus_codes\InterstCalculator\main.cpp(168,16): warning C4244: 'return': conversion from 'double' to 'float', possible loss of data
C:\Users\kuntz\OneDrive - Stonehill College\Documents\quant_repositories\C++_codes\Cplusplus_codes\InterstCalculator\main.cpp(177,53): warning C4305: 'argument': truncation from 'double' to 'float'
C:\Users\kuntz\OneDrive - Stonehill College\Documents\quant_repositories\C++_codes\Cplusplus_codes\InterstCalculator\main.cpp(177,14): warning C4244: 'initializing': conversion from 'double' to 'float', possible loss of data
C:\Users\kuntz\OneDrive - Stonehill College\Documents\quant_repositories\C++_codes\Cplusplus_codes\InterstCalculator\main.cpp(178,53): warning C4305: 'argument': truncation from 'double' to 'float'
C:\Users\kuntz\OneDrive - Stonehill College\Documents\quant_repositories\C++_codes\Cplusplus_codes\InterstCalculator\main.cpp(178,14): warning C4244: 'initializing': conversion from 'double' to 'float', possible loss of data
C:\Users\kuntz\OneDrive - Stonehill College\Documents\quant_repositories\C++_codes\Cplusplus_codes\InterstCalculator\main.cpp(179,53): warning C4305: 'argument': truncation from 'double' to 'float'
C:\Users\kuntz\OneDrive - Stonehill College\Documents\quant_repositories\C++_codes\Cplusplus_codes\InterstCalculator\main.cpp(179,14): warning C4244: 'initializing': conversion from 'double' to 'float', possible loss of data
C:\Users\kuntz\OneDrive - Stonehill College\Documents\quant_repositories\C++_codes\Cplusplus_codes\InterstCalculator\main.cpp(182,61): warning C4305: 'argument': truncation from 'double' to 'float'
C:\Users\kuntz\OneDrive - Stonehill College\Documents\quant_repositories\C++_codes\Cplusplus_codes\InterstCalculator\main.cpp(189,73): warning C4305: 'argument': truncation from 'double' to 'float'
C:\Users\kuntz\OneDrive - Stonehill College\Documents\quant_repositories\C++_codes\Cplusplus_codes\InterstCalculator\main.cpp(189,14): warning C4244: 'initializing': conversion from 'double' to 'float', possible loss of data
C:\Users\kuntz\OneDrive - Stonehill College\Documents\quant_repositories\C++_codes\Cplusplus_codes\InterstCalculator\main.cpp(190,73): warning C4305: 'argument': truncation from 'double' to 'float'
C:\Users\kuntz\OneDrive - Stonehill College\Documents\quant_repositories\C++_codes\Cplusplus_codes\InterstCalculator\main.cpp(190,14): warning C4244: 'initializing': conversion from 'double' to 'float', possible loss of data
C:\Users\kuntz\OneDrive - Stonehill College\Documents\quant_repositories\C++_codes\Cplusplus_codes\InterstCalculator\main.cpp(191,73): warning C4305: 'argument': truncation from 'double' to 'float'
C:\Users\kuntz\OneDrive - Stonehill College\Documents\quant_repositories\C++_codes\Cplusplus_codes\InterstCalculator\main.cpp(191,14): warning C4244: 'initializing': conversion from 'double' to 'float', possible loss of data
C:\Users\kuntz\OneDrive - Stonehill College\Documents\quant_repositories\C++_codes\Cplusplus_codes\InterstCalculator\main.cpp(194,79): warning C4305: 'argument': truncation from 'double' to 'float'
C:\Users\kuntz\OneDrive - Stonehill College\Documents\quant_repositories\C++_codes\Cplusplus_codes\InterstCalculator\main.cpp(197,14): warning C4244: 'initializing': conversion from 'double' to 'float', possible loss of data
C:\Users\kuntz\OneDrive - Stonehill College\Documents\quant_repositories\C++_codes\Cplusplus_codes\InterstCalculator\main.cpp(201,65): warning C4305: 'argument': truncation from 'double' to 'float'
C:\Users\kuntz\OneDrive - Stonehill College\Documents\quant_repositories\C++_codes\Cplusplus_codes\InterstCalculator\main.cpp(204,15): warning C4244: 'initializing': conversion from 'double' to 'float', possible loss of data
C:\Users\kuntz\OneDrive - Stonehill College\Documents\quant_repositories\C++_codes\Cplusplus_codes\InterstCalculator\main.cpp(207,23): warning C4244: 'initializing': conversion from 'double' to 'float', possible loss of data
C:\Users\kuntz\OneDrive - Stonehill College\Documents\quant_repositories\C++_codes\Cplusplus_codes\InterstCalculator\main.cpp(219,70): warning C4305: 'argument': truncation from 'double' to 'float'
C:\Users\kuntz\OneDrive - Stonehill College\Documents\quant_repositories\C++_codes\Cplusplus_codes\InterstCalculator\main.cpp(225,88): warning C4305: 'argument': truncation from 'double' to 'float'
  InterstCalculator.vcxproj -> C:\Users\kuntz\OneDrive - Stonehill College\Documents\quant_repositories\C++_codes\Cplusplus_codes\InterstCalculator\Debug\InterstCalculator.exe
